1
1.000000
2.300000
2.3
3.3
23
1
2.000000
12.000000
12
12
1
1.000000
1.000000
1
1
1
1.000000
1.000000
1
1
1
1.000000
1.000000
1
1
1
23.000000
14.000000
what is up
what is upp
1
1.000000
1.000000
1
1
1
1.000000
1.000000
asd
asd
1
12.000000
123.000000
Yaw Yeet
Yaw Yeet
13
123.000000
142.000000
redder
edaera
1
1.000000
1
1231
12.000000
hopefully
12
123
1234
12.000000
hope
12
123.000000
This is the long
12
12.000000
This
is the long
12
12.000000
asd
asd
1
1.000000
qwe
qwer
123
123.000000
qwe
qwerafsdf
12
12314.000000
long
longest
1
12.000000
truer
qwerqwer
12
1231.000000
qwe
qwerqw
123
123.000000
qweqwe
qweqweqwer
12
1231.000000
qwe
qweeqwr
12
123.000000
qwe

123
123.000000
123
123
123
1234123.000000
12
21
12
12.123130
123
123
123
1231.220000
qwer
qwerqwer
122
12
123
213.000000
123.000000
123.000000
129
9123
123
192
-1923
365
12.300000
1324.000000
21.000000
This is long
This is longer
The is the longest
124
-213
356
21.400000
13.000000
256.333333
This is long.
This is longer.
This is the longest.
