[date] PAID:  - AMOUNT: 323 - NEW BALANCE: 
[date] PAID:  - AMOUNT: 004 - NEW BALANCE: 
[date] PAID:  - AMOUNT: 323 - NEW BALANCE: 
[date] PAID:  - AMOUNT: 004 - NEW BALANCE: 
[date] PAID:  - AMOUNT: 323 - NEW BALANCE: 
[date] PAID:  - AMOUNT: 004 - NEW BALANCE: 
[date] PAID:  - AMOUNT: 323 - NEW BALANCE: 
[date] PAID:  - AMOUNT: 004 - NEW BALANCE: 
[date] CREATED: 123
[date] UPDATED: 001
[date] PAID:  - AMOUNT: 323 - NEW BALANCE: 
[date] PAID:  - AMOUNT: 004 - NEW BALANCE: 
[date] CREATED: 123
[date] CREATED: 323
[date] UPDATED: 001
[date] DELETED: 992
[date] PAID: 323 - AMOUNT:  - NEW BALANCE: 
[date] PAID: 004 - AMOUNT:  - NEW BALANCE: 
[date] CREATED: 123
[date] CREATED: 323
[date] UPDATED: 001
[date] PAID: 323 - AMOUNT:  - NEW BALANCE: 
[date] PAID: 004 - AMOUNT:  - NEW BALANCE: 
[date] CREATED: 123
[date] CREATED: 323
[date] UPDATED: 001
[date] PAID: 323 - AMOUNT:  - NEW BALANCE: 
[date] PAID: 004 - AMOUNT:  - NEW BALANCE: 
